<?xml version="1.0" encoding="UTF-8"?>
<testsuite xmlns:xsi="http://www.w3.org/2001/XMLSchema-instance" xsi:noNamespaceSchemaLocation="https://maven.apache.org/surefire/maven-surefire-plugin/xsd/surefire-test-report-3.0.xsd" version="3.0" name="fr.umlv.javainside.MethodHandleTests" time="0.04" tests="14" errors="0" skipped="0" failures="0">
  <properties>
[...]
</properties>
  <testcase name="asTypeAndInvokeExactStaticTest" classname="fr.umlv.javainside.MethodHandleTests" time="0.015"/>
  <testcase name="insertAndInvokeStaticTest" classname="fr.umlv.javainside.MethodHandleTests" time="0.002"/>
  <testcase name="dropAndInvokeVirutalTest" classname="fr.umlv.javainside.MethodHandleTests" time="0.002"/>
  <testcase name="findStaticTest" classname="fr.umlv.javainside.MethodHandleTests" time="0.001"/>
  <testcase name="dropAndInvokeStaticTest" classname="fr.umlv.javainside.MethodHandleTests" time="0.002"/>
  <testcase name="invokeExactStaticTest" classname="fr.umlv.javainside.MethodHandleTests" time="0.001"/>
  <testcase name="bindToAndInvokeVirtualTest" classname="fr.umlv.javainside.MethodHandleTests" time="0.001"/>
  <testcase name="invokeExactConstantTest" classname="fr.umlv.javainside.MethodHandleTests" time="0.002"/>
  <testcase name="invokeStaticTest" classname="fr.umlv.javainside.MethodHandleTests" time="0.001"/>
  <testcase name="findVirtualTest" classname="fr.umlv.javainside.MethodHandleTests" time="0"/>
  <testcase name="invokeExactVirutalTest" classname="fr.umlv.javainside.MethodHandleTests" time="0.001"/>
  <testcase name="invokeVirtualTest" classname="fr.umlv.javainside.MethodHandleTests" time="0.001"/>
  <testcase name="invokeExactVirtualWrongArgumentTest" classname="fr.umlv.javainside.MethodHandleTests" time="0.001"/>
  <testcase name="invokeExactStaticWrongArgumentTest" classname="fr.umlv.javainside.MethodHandleTests" time="0"/>
</testsuite>